# JRE version: OpenJDK Runtime Environment (22.0+36) (build 22+36-2370)
# Java VM: OpenJDK 64-Bit Server VM (22+36-2370, mixed mode, sharing, tiered, compressed oops, compressed class ptrs, g1 gc, windows-amd64)
GC Precious Log:
 CardTable entry size: 512
 Card Set container configuration: InlinePtr #cards 4 size 8 Array Of Cards #cards 16 size 48 Howl #buckets 8 coarsen threshold 3686 Howl Bitmap #cards 512 size 80 coarsen threshold 460 Card regions per heap region 1 cards per card region 4096
 CPUs: 8 total, 8 available
 Memory: 16086M
 Large Page Support: Disabled
 NUMA Support: Disabled
 Compressed Oops: Enabled (Zero based)
 Heap Region Size: 2M
 Heap Min Capacity: 8M
 Heap Initial Capacity: 252M
 Heap Max Capacity: 4022M
 Pre-touch: Disabled
 Parallel Workers: 8
 Concurrent Workers: 2
 Concurrent Refinement Workers: 8
 Periodic GC: Disabled
Heap:
 garbage-first heap   total reserved 4118528K, committed 118784K, used 59594K [0x0000000704a00000, 0x0000000800000000)
  region size 2048K, 15 young (30720K), 4 survivors (8192K)
 Metaspace       used 80131K, committed 80896K, reserved 1179648K
  class space    used 11034K, committed 11392K, reserved 1048576K
GC Heap History (20 events):
Event: 3.666 GC heap before
{Heap before GC invocations=9 (full 0):
 garbage-first heap   total reserved 4118528K, committed 81920K, used 66840K [0x0000000704a00000, 0x0000000800000000)
  region size 2048K, 24 young (49152K), 2 survivors (4096K)
 Metaspace       used 48974K, committed 49600K, reserved 1114112K
  class space    used 6366K, committed 6656K, reserved 1048576K
}
Event: 3.673 GC heap after
{Heap after GC invocations=10 (full 0):
 garbage-first heap   total reserved 4118528K, committed 81920K, used 26009K [0x0000000704a00000, 0x0000000800000000)
  region size 2048K, 3 young (6144K), 3 survivors (6144K)
 Metaspace       used 48974K, committed 49600K, reserved 1114112K
  class space    used 6366K, committed 6656K, reserved 1048576K
}
Event: 4.121 GC heap before
{Heap before GC invocations=10 (full 0):
 garbage-first heap   total reserved 4118528K, committed 81920K, used 66969K [0x0000000704a00000, 0x0000000800000000)
  region size 2048K, 23 young (47104K), 3 survivors (6144K)
 Metaspace       used 56115K, committed 56704K, reserved 1114112K
  class space    used 7522K, committed 7808K, reserved 1048576K
}
Event: 4.129 GC heap after
{Heap after GC invocations=11 (full 0):
 garbage-first heap   total reserved 4118528K, committed 81920K, used 28039K [0x0000000704a00000, 0x0000000800000000)
  region size 2048K, 1 young (2048K), 1 survivors (2048K)
 Metaspace       used 56115K, committed 56704K, reserved 1114112K
  class space    used 7522K, committed 7808K, reserved 1048576K
}
Event: 4.468 GC heap before
{Heap before GC invocations=11 (full 0):
 garbage-first heap   total reserved 4118528K, committed 81920K, used 46471K [0x0000000704a00000, 0x0000000800000000)
  region size 2048K, 11 young (22528K), 1 survivors (2048K)
 Metaspace       used 59971K, committed 60608K, reserved 1114112K
  class space    used 8083K, committed 8384K, reserved 1048576K
}
Event: 4.473 GC heap after
{Heap after GC invocations=12 (full 0):
 garbage-first heap   total reserved 4118528K, committed 81920K, used 28700K [0x0000000704a00000, 0x0000000800000000)
  region size 2048K, 2 young (4096K), 2 survivors (4096K)
 Metaspace       used 59971K, committed 60608K, reserved 1114112K
  class space    used 8083K, committed 8384K, reserved 1048576K
}
Event: 4.865 GC heap before
{Heap before GC invocations=13 (full 0):
 garbage-first heap   total reserved 4118528K, committed 81920K, used 69660K [0x0000000704a00000, 0x0000000800000000)
  region size 2048K, 22 young (45056K), 2 survivors (4096K)
 Metaspace       used 63881K, committed 64576K, reserved 1114112K
  class space    used 8650K, committed 8960K, reserved 1048576K
}
Event: 4.869 GC heap after
{Heap after GC invocations=14 (full 0):
 garbage-first heap   total reserved 4118528K, committed 81920K, used 31013K [0x0000000704a00000, 0x0000000800000000)
  region size 2048K, 3 young (6144K), 3 survivors (6144K)
 Metaspace       used 63881K, committed 64576K, reserved 1114112K
  class space    used 8650K, committed 8960K, reserved 1048576K
}
Event: 5.213 GC heap before
{Heap before GC invocations=14 (full 0):
 garbage-first heap   total reserved 4118528K, committed 81920K, used 69925K [0x0000000704a00000, 0x0000000800000000)
  region size 2048K, 22 young (45056K), 3 survivors (6144K)
 Metaspace       used 66770K, committed 67392K, reserved 1114112K
  class space    used 9136K, committed 9408K, reserved 1048576K
}
Event: 5.218 GC heap after
{Heap after GC invocations=15 (full 0):
 garbage-first heap   total reserved 4118528K, committed 98304K, used 32418K [0x0000000704a00000, 0x0000000800000000)
  region size 2048K, 3 young (6144K), 3 survivors (6144K)
 Metaspace       used 66770K, committed 67392K, reserved 1114112K
  class space    used 9136K, committed 9408K, reserved 1048576K
}
Event: 5.511 GC heap before
{Heap before GC invocations=15 (full 0):
 garbage-first heap   total reserved 4118528K, committed 98304K, used 81570K [0x0000000704a00000, 0x0000000800000000)
  region size 2048K, 28 young (57344K), 3 survivors (6144K)
 Metaspace       used 69909K, committed 70592K, reserved 1114112K
  class space    used 9668K, committed 9920K, reserved 1048576K
}
Event: 5.515 GC heap after
{Heap after GC invocations=16 (full 0):
 garbage-first heap   total reserved 4118528K, committed 98304K, used 34537K [0x0000000704a00000, 0x0000000800000000)
  region size 2048K, 3 young (6144K), 3 survivors (6144K)
 Metaspace       used 69909K, committed 70592K, reserved 1114112K
  class space    used 9668K, committed 9920K, reserved 1048576K
}
Event: 5.653 GC heap before
{Heap before GC invocations=16 (full 0):
 garbage-first heap   total reserved 4118528K, committed 98304K, used 83689K [0x0000000704a00000, 0x0000000800000000)
  region size 2048K, 27 young (55296K), 3 survivors (6144K)
 Metaspace       used 70214K, committed 70912K, reserved 1114112K
  class space    used 9686K, committed 9984K, reserved 1048576K
}
Event: 5.657 GC heap after
{Heap after GC invocations=17 (full 0):
 garbage-first heap   total reserved 4118528K, committed 98304K, used 38002K [0x0000000704a00000, 0x0000000800000000)
  region size 2048K, 3 young (6144K), 3 survivors (6144K)
 Metaspace       used 70214K, committed 70912K, reserved 1114112K
  class space    used 9686K, committed 9984K, reserved 1048576K
}
Event: 5.760 GC heap before
{Heap before GC invocations=17 (full 0):
 garbage-first heap   total reserved 4118528K, committed 98304K, used 85106K [0x0000000704a00000, 0x0000000800000000)
  region size 2048K, 26 young (53248K), 3 survivors (6144K)
 Metaspace       used 70462K, committed 71168K, reserved 1114112K
  class space    used 9704K, committed 9984K, reserved 1048576K
}
Event: 5.763 GC heap after
{Heap after GC invocations=18 (full 0):
 garbage-first heap   total reserved 4118528K, committed 98304K, used 37014K [0x0000000704a00000, 0x0000000800000000)
  region size 2048K, 2 young (4096K), 2 survivors (4096K)
 Metaspace       used 70462K, committed 71168K, reserved 1114112K
  class space    used 9704K, committed 9984K, reserved 1048576K
}
Event: 6.017 GC heap before
{Heap before GC invocations=19 (full 0):
 garbage-first heap   total reserved 4118528K, committed 98304K, used 86166K [0x0000000704a00000, 0x0000000800000000)
  region size 2048K, 26 young (53248K), 2 survivors (4096K)
 Metaspace       used 72136K, committed 72896K, reserved 1114112K
  class space    used 9932K, committed 10240K, reserved 1048576K
}
Event: 6.020 GC heap after
{Heap after GC invocations=20 (full 0):
 garbage-first heap   total reserved 4118528K, committed 98304K, used 38901K [0x0000000704a00000, 0x0000000800000000)
  region size 2048K, 3 young (6144K), 3 survivors (6144K)
 Metaspace       used 72136K, committed 72896K, reserved 1114112K
  class space    used 9932K, committed 10240K, reserved 1048576K
}
Event: 31.820 GC heap before
{Heap before GC invocations=20 (full 0):
 garbage-first heap   total reserved 4118528K, committed 98304K, used 81909K [0x0000000704a00000, 0x0000000800000000)
  region size 2048K, 25 young (51200K), 3 survivors (6144K)
 Metaspace       used 76789K, committed 77632K, reserved 1179648K
  class space    used 10578K, committed 10944K, reserved 1048576K
}
Event: 31.826 GC heap after
{Heap after GC invocations=21 (full 0):
 garbage-first heap   total reserved 4118528K, committed 118784K, used 41162K [0x0000000704a00000, 0x0000000800000000)
  region size 2048K, 4 young (8192K), 4 survivors (8192K)
 Metaspace       used 76789K, committed 77632K, reserved 1179648K
  class space    used 10578K, committed 10944K, reserved 1048576K
}

